-- Install configuration: ""
-- Execute custom install script
-- Up-to-date symlink: /mnt/nvme1n1p6/PLCT/NAV2/nav2_sim/install/robot_slam/share/robot_slam/launch/amcl_launch.py
-- Up-to-date symlink: /mnt/nvme1n1p6/PLCT/NAV2/nav2_sim/install/robot_slam/share/robot_slam/launch/map_saving_launch.py
-- Up-to-date symlink: /mnt/nvme1n1p6/PLCT/NAV2/nav2_sim/install/robot_slam/share/robot_slam/launch/slam_mapping_launch.py
-- Up-to-date symlink: /mnt/nvme1n1p6/PLCT/NAV2/nav2_sim/install/robot_slam/share/robot_slam/config/amcl.config.yaml
-- Up-to-date symlink: /mnt/nvme1n1p6/PLCT/NAV2/nav2_sim/install/robot_slam/share/robot_slam/config/slam_localization_params.yaml
-- Up-to-date symlink: /mnt/nvme1n1p6/PLCT/NAV2/nav2_sim/install/robot_slam/share/robot_slam/config/slam_mapping_params.yaml
-- Up-to-date symlink: /mnt/nvme1n1p6/PLCT/NAV2/nav2_sim/install/robot_slam/share/robot_slam/launch/amcl_launch.py
-- Up-to-date symlink: /mnt/nvme1n1p6/PLCT/NAV2/nav2_sim/install/robot_slam/share/robot_slam/launch/map_saving_launch.py
-- Up-to-date symlink: /mnt/nvme1n1p6/PLCT/NAV2/nav2_sim/install/robot_slam/share/robot_slam/launch/slam_mapping_launch.py
-- Symlinking: /mnt/nvme1n1p6/PLCT/NAV2/nav2_sim/install/robot_slam/share/robot_slam/maps/test_map.yaml.pgm
-- Symlinking: /mnt/nvme1n1p6/PLCT/NAV2/nav2_sim/install/robot_slam/share/robot_slam/maps/test_map.yaml.yaml
-- Up-to-date symlink: /mnt/nvme1n1p6/PLCT/NAV2/nav2_sim/install/robot_slam/share/ament_index/resource_index/package_run_dependencies/robot_slam
-- Up-to-date symlink: /mnt/nvme1n1p6/PLCT/NAV2/nav2_sim/install/robot_slam/share/ament_index/resource_index/parent_prefix_path/robot_slam
-- Up-to-date symlink: /mnt/nvme1n1p6/PLCT/NAV2/nav2_sim/install/robot_slam/share/robot_slam/environment/ament_prefix_path.sh
-- Up-to-date symlink: /mnt/nvme1n1p6/PLCT/NAV2/nav2_sim/install/robot_slam/share/robot_slam/environment/ament_prefix_path.dsv
-- Up-to-date symlink: /mnt/nvme1n1p6/PLCT/NAV2/nav2_sim/install/robot_slam/share/robot_slam/environment/path.sh
-- Up-to-date symlink: /mnt/nvme1n1p6/PLCT/NAV2/nav2_sim/install/robot_slam/share/robot_slam/environment/path.dsv
-- Up-to-date symlink: /mnt/nvme1n1p6/PLCT/NAV2/nav2_sim/install/robot_slam/share/robot_slam/local_setup.bash
-- Up-to-date symlink: /mnt/nvme1n1p6/PLCT/NAV2/nav2_sim/install/robot_slam/share/robot_slam/local_setup.sh
-- Up-to-date symlink: /mnt/nvme1n1p6/PLCT/NAV2/nav2_sim/install/robot_slam/share/robot_slam/local_setup.zsh
-- Up-to-date symlink: /mnt/nvme1n1p6/PLCT/NAV2/nav2_sim/install/robot_slam/share/robot_slam/local_setup.dsv
-- Symlinking: /mnt/nvme1n1p6/PLCT/NAV2/nav2_sim/install/robot_slam/share/robot_slam/package.dsv
-- Up-to-date symlink: /mnt/nvme1n1p6/PLCT/NAV2/nav2_sim/install/robot_slam/share/ament_index/resource_index/packages/robot_slam
-- Up-to-date symlink: /mnt/nvme1n1p6/PLCT/NAV2/nav2_sim/install/robot_slam/share/robot_slam/cmake/robot_slamConfig.cmake
-- Up-to-date symlink: /mnt/nvme1n1p6/PLCT/NAV2/nav2_sim/install/robot_slam/share/robot_slam/cmake/robot_slamConfig-version.cmake
-- Up-to-date symlink: /mnt/nvme1n1p6/PLCT/NAV2/nav2_sim/install/robot_slam/share/robot_slam/package.xml
