[0.019s] Invoking command in '/mnt/nvme1n1p6/PLCT/NAV2/nav2_sim/build/robot_navigation': CMAKE_PREFIX_PATH=${CMAKE_PREFIX_PATH}:/home/kunama/PLCT/NAV2/yahboom_src_code/slam_ws_src/install/yahboomcar_nav:/home/kunama/PLCT/NAV2/yahboom_src_code/slam_ws_src/install/yahboomcar_description:/home/kunama/PLCT/NAV2/yahboom_src_code/slam_ws_src/install/yahboomcar_ctrl:/home/kunama/PLCT/NAV2/yahboom_src_code/slam_ws_src/install/yahboomcar_bringup:/home/kunama/PLCT/NAV2/yahboom_src_code/slam_ws_src/install/yahboom_app_save_map:/home/kunama/PLCT/NAV2/yahboom_src_code/slam_ws_src/install/laserscan_to_point_publisher:/opt/ros/humble /usr/bin/cmake /mnt/nvme1n1p6/PLCT/NAV2/nav2_sim/src/robot_navigation -DAMENT_CMAKE_SYMLINK_INSTALL=1 -DCMAKE_INSTALL_PREFIX=/mnt/nvme1n1p6/PLCT/NAV2/nav2_sim/install/robot_navigation
[0.082s] -- The C compiler identification is GNU 12.3.0
[0.146s] -- The CXX compiler identification is GNU 12.3.0
[0.155s] -- Detecting C compiler ABI info
[0.243s] -- Detecting C compiler ABI info - done
[0.250s] -- Check for working C compiler: /usr/bin/cc - skipped
[0.251s] -- Detecting C compile features
[0.251s] -- Detecting C compile features - done
[0.254s] -- Detecting CXX compiler ABI info
[0.359s] -- Detecting CXX compiler ABI info - done
[0.372s] -- Check for working CXX compiler: /usr/bin/c++ - skipped
[0.372s] -- Detecting CXX compile features
[0.373s] -- Detecting CXX compile features - done
[0.380s] -- Found ament_cmake: 1.3.10 (/opt/ros/humble/share/ament_cmake/cmake)
[0.566s] -- Found Python3: /usr/bin/python3 (found version "3.10.12") found components: Interpreter 
[0.638s] -- Override CMake install command with custom implementation using symlinks instead of copying resources
[0.726s] -- Found ament_lint_auto: 0.12.11 (/opt/ros/humble/share/ament_lint_auto/cmake)
[0.843s] -- Added test 'flake8' to check Python code syntax and style conventions
[0.844s] -- Added test 'lint_cmake' to check CMake code style
[0.845s] -- Added test 'pep257' to check Python code against some of the docstring style conventions in PEP 257
[0.847s] -- Added test 'xmllint' to check XML markup files
[0.850s] -- Configuring done
[0.853s] -- Generating done
[0.854s] -- Build files have been written to: /mnt/nvme1n1p6/PLCT/NAV2/nav2_sim/build/robot_navigation
[0.859s] Invoked command in '/mnt/nvme1n1p6/PLCT/NAV2/nav2_sim/build/robot_navigation' returned '0': CMAKE_PREFIX_PATH=${CMAKE_PREFIX_PATH}:/home/kunama/PLCT/NAV2/yahboom_src_code/slam_ws_src/install/yahboomcar_nav:/home/kunama/PLCT/NAV2/yahboom_src_code/slam_ws_src/install/yahboomcar_description:/home/kunama/PLCT/NAV2/yahboom_src_code/slam_ws_src/install/yahboomcar_ctrl:/home/kunama/PLCT/NAV2/yahboom_src_code/slam_ws_src/install/yahboomcar_bringup:/home/kunama/PLCT/NAV2/yahboom_src_code/slam_ws_src/install/yahboom_app_save_map:/home/kunama/PLCT/NAV2/yahboom_src_code/slam_ws_src/install/laserscan_to_point_publisher:/opt/ros/humble /usr/bin/cmake /mnt/nvme1n1p6/PLCT/NAV2/nav2_sim/src/robot_navigation -DAMENT_CMAKE_SYMLINK_INSTALL=1 -DCMAKE_INSTALL_PREFIX=/mnt/nvme1n1p6/PLCT/NAV2/nav2_sim/install/robot_navigation
[0.860s] Invoking command in '/mnt/nvme1n1p6/PLCT/NAV2/nav2_sim/build/robot_navigation': CMAKE_PREFIX_PATH=${CMAKE_PREFIX_PATH}:/home/kunama/PLCT/NAV2/yahboom_src_code/slam_ws_src/install/yahboomcar_nav:/home/kunama/PLCT/NAV2/yahboom_src_code/slam_ws_src/install/yahboomcar_description:/home/kunama/PLCT/NAV2/yahboom_src_code/slam_ws_src/install/yahboomcar_ctrl:/home/kunama/PLCT/NAV2/yahboom_src_code/slam_ws_src/install/yahboomcar_bringup:/home/kunama/PLCT/NAV2/yahboom_src_code/slam_ws_src/install/yahboom_app_save_map:/home/kunama/PLCT/NAV2/yahboom_src_code/slam_ws_src/install/laserscan_to_point_publisher:/opt/ros/humble /usr/bin/cmake --build /mnt/nvme1n1p6/PLCT/NAV2/nav2_sim/build/robot_navigation -- -j12 -l12
[0.920s] Invoked command in '/mnt/nvme1n1p6/PLCT/NAV2/nav2_sim/build/robot_navigation' returned '0': CMAKE_PREFIX_PATH=${CMAKE_PREFIX_PATH}:/home/kunama/PLCT/NAV2/yahboom_src_code/slam_ws_src/install/yahboomcar_nav:/home/kunama/PLCT/NAV2/yahboom_src_code/slam_ws_src/install/yahboomcar_description:/home/kunama/PLCT/NAV2/yahboom_src_code/slam_ws_src/install/yahboomcar_ctrl:/home/kunama/PLCT/NAV2/yahboom_src_code/slam_ws_src/install/yahboomcar_bringup:/home/kunama/PLCT/NAV2/yahboom_src_code/slam_ws_src/install/yahboom_app_save_map:/home/kunama/PLCT/NAV2/yahboom_src_code/slam_ws_src/install/laserscan_to_point_publisher:/opt/ros/humble /usr/bin/cmake --build /mnt/nvme1n1p6/PLCT/NAV2/nav2_sim/build/robot_navigation -- -j12 -l12
[0.953s] Invoking command in '/mnt/nvme1n1p6/PLCT/NAV2/nav2_sim/build/robot_navigation': CMAKE_PREFIX_PATH=${CMAKE_PREFIX_PATH}:/home/kunama/PLCT/NAV2/yahboom_src_code/slam_ws_src/install/yahboomcar_nav:/home/kunama/PLCT/NAV2/yahboom_src_code/slam_ws_src/install/yahboomcar_description:/home/kunama/PLCT/NAV2/yahboom_src_code/slam_ws_src/install/yahboomcar_ctrl:/home/kunama/PLCT/NAV2/yahboom_src_code/slam_ws_src/install/yahboomcar_bringup:/home/kunama/PLCT/NAV2/yahboom_src_code/slam_ws_src/install/yahboom_app_save_map:/home/kunama/PLCT/NAV2/yahboom_src_code/slam_ws_src/install/laserscan_to_point_publisher:/opt/ros/humble /usr/bin/cmake --install /mnt/nvme1n1p6/PLCT/NAV2/nav2_sim/build/robot_navigation
[0.962s] -- Install configuration: ""
[0.962s] -- Execute custom install script
[0.963s] -- Symlinking: /mnt/nvme1n1p6/PLCT/NAV2/nav2_sim/install/robot_navigation/share/robot_navigation/launch/navigation_launch.py
[0.974s] -- Symlinking: /mnt/nvme1n1p6/PLCT/NAV2/nav2_sim/install/robot_navigation/share/robot_navigation/config/nav2_params.yaml
[0.985s] -- Symlinking: /mnt/nvme1n1p6/PLCT/NAV2/nav2_sim/install/robot_navigation/share/ament_index/resource_index/package_run_dependencies/robot_navigation
[0.997s] -- Symlinking: /mnt/nvme1n1p6/PLCT/NAV2/nav2_sim/install/robot_navigation/share/ament_index/resource_index/parent_prefix_path/robot_navigation
[1.008s] -- Symlinking: /mnt/nvme1n1p6/PLCT/NAV2/nav2_sim/install/robot_navigation/share/robot_navigation/environment/ament_prefix_path.sh
[1.021s] -- Symlinking: /mnt/nvme1n1p6/PLCT/NAV2/nav2_sim/install/robot_navigation/share/robot_navigation/environment/ament_prefix_path.dsv
[1.033s] -- Symlinking: /mnt/nvme1n1p6/PLCT/NAV2/nav2_sim/install/robot_navigation/share/robot_navigation/environment/path.sh
[1.044s] -- Symlinking: /mnt/nvme1n1p6/PLCT/NAV2/nav2_sim/install/robot_navigation/share/robot_navigation/environment/path.dsv
[1.056s] -- Symlinking: /mnt/nvme1n1p6/PLCT/NAV2/nav2_sim/install/robot_navigation/share/robot_navigation/local_setup.bash
[1.067s] -- Symlinking: /mnt/nvme1n1p6/PLCT/NAV2/nav2_sim/install/robot_navigation/share/robot_navigation/local_setup.sh
[1.079s] -- Symlinking: /mnt/nvme1n1p6/PLCT/NAV2/nav2_sim/install/robot_navigation/share/robot_navigation/local_setup.zsh
[1.091s] -- Symlinking: /mnt/nvme1n1p6/PLCT/NAV2/nav2_sim/install/robot_navigation/share/robot_navigation/local_setup.dsv
[1.103s] -- Symlinking: /mnt/nvme1n1p6/PLCT/NAV2/nav2_sim/install/robot_navigation/share/robot_navigation/package.dsv
[1.115s] -- Symlinking: /mnt/nvme1n1p6/PLCT/NAV2/nav2_sim/install/robot_navigation/share/ament_index/resource_index/packages/robot_navigation
[1.127s] -- Symlinking: /mnt/nvme1n1p6/PLCT/NAV2/nav2_sim/install/robot_navigation/share/robot_navigation/cmake/robot_navigationConfig.cmake
[1.138s] -- Symlinking: /mnt/nvme1n1p6/PLCT/NAV2/nav2_sim/install/robot_navigation/share/robot_navigation/cmake/robot_navigationConfig-version.cmake
[1.149s] -- Symlinking: /mnt/nvme1n1p6/PLCT/NAV2/nav2_sim/install/robot_navigation/share/robot_navigation/package.xml
[1.170s] Invoked command in '/mnt/nvme1n1p6/PLCT/NAV2/nav2_sim/build/robot_navigation' returned '0': CMAKE_PREFIX_PATH=${CMAKE_PREFIX_PATH}:/home/kunama/PLCT/NAV2/yahboom_src_code/slam_ws_src/install/yahboomcar_nav:/home/kunama/PLCT/NAV2/yahboom_src_code/slam_ws_src/install/yahboomcar_description:/home/kunama/PLCT/NAV2/yahboom_src_code/slam_ws_src/install/yahboomcar_ctrl:/home/kunama/PLCT/NAV2/yahboom_src_code/slam_ws_src/install/yahboomcar_bringup:/home/kunama/PLCT/NAV2/yahboom_src_code/slam_ws_src/install/yahboom_app_save_map:/home/kunama/PLCT/NAV2/yahboom_src_code/slam_ws_src/install/laserscan_to_point_publisher:/opt/ros/humble /usr/bin/cmake --install /mnt/nvme1n1p6/PLCT/NAV2/nav2_sim/build/robot_navigation
