[0.028s] Invoking command in '/mnt/nvme1n1p6/PLCT/NAV2/nav2_sim/build/robot_environment': CMAKE_PREFIX_PATH=${CMAKE_PREFIX_PATH}:/home/kunama/PLCT/NAV2/yahboom_src_code/slam_ws_src/install/yahboomcar_nav:/home/kunama/PLCT/NAV2/yahboom_src_code/slam_ws_src/install/yahboomcar_description:/home/kunama/PLCT/NAV2/yahboom_src_code/slam_ws_src/install/yahboomcar_ctrl:/home/kunama/PLCT/NAV2/yahboom_src_code/slam_ws_src/install/yahboomcar_bringup:/home/kunama/PLCT/NAV2/yahboom_src_code/slam_ws_src/install/yahboom_app_save_map:/home/kunama/PLCT/NAV2/yahboom_src_code/slam_ws_src/install/laserscan_to_point_publisher:/opt/ros/humble /usr/bin/cmake /mnt/nvme1n1p6/PLCT/NAV2/nav2_sim/src/robot_environment -DAMENT_CMAKE_SYMLINK_INSTALL=1 -DCMAKE_INSTALL_PREFIX=/mnt/nvme1n1p6/PLCT/NAV2/nav2_sim/install/robot_environment
[0.045s] -- Found ament_cmake: 1.3.10 (/opt/ros/humble/share/ament_cmake/cmake)
[0.175s] -- Override CMake install command with custom implementation using symlinks instead of copying resources
[0.185s] -- Found ament_lint_auto: 0.12.11 (/opt/ros/humble/share/ament_lint_auto/cmake)
[0.264s] -- Added test 'flake8' to check Python code syntax and style conventions
[0.265s] -- Added test 'lint_cmake' to check CMake code style
[0.265s] -- Added test 'pep257' to check Python code against some of the docstring style conventions in PEP 257
[0.267s] -- Added test 'xmllint' to check XML markup files
[0.271s] -- Configuring done
[0.273s] -- Generating done
[0.274s] -- Build files have been written to: /mnt/nvme1n1p6/PLCT/NAV2/nav2_sim/build/robot_environment
[0.278s] Invoked command in '/mnt/nvme1n1p6/PLCT/NAV2/nav2_sim/build/robot_environment' returned '0': CMAKE_PREFIX_PATH=${CMAKE_PREFIX_PATH}:/home/kunama/PLCT/NAV2/yahboom_src_code/slam_ws_src/install/yahboomcar_nav:/home/kunama/PLCT/NAV2/yahboom_src_code/slam_ws_src/install/yahboomcar_description:/home/kunama/PLCT/NAV2/yahboom_src_code/slam_ws_src/install/yahboomcar_ctrl:/home/kunama/PLCT/NAV2/yahboom_src_code/slam_ws_src/install/yahboomcar_bringup:/home/kunama/PLCT/NAV2/yahboom_src_code/slam_ws_src/install/yahboom_app_save_map:/home/kunama/PLCT/NAV2/yahboom_src_code/slam_ws_src/install/laserscan_to_point_publisher:/opt/ros/humble /usr/bin/cmake /mnt/nvme1n1p6/PLCT/NAV2/nav2_sim/src/robot_environment -DAMENT_CMAKE_SYMLINK_INSTALL=1 -DCMAKE_INSTALL_PREFIX=/mnt/nvme1n1p6/PLCT/NAV2/nav2_sim/install/robot_environment
[0.279s] Invoking command in '/mnt/nvme1n1p6/PLCT/NAV2/nav2_sim/build/robot_environment': CMAKE_PREFIX_PATH=${CMAKE_PREFIX_PATH}:/home/kunama/PLCT/NAV2/yahboom_src_code/slam_ws_src/install/yahboomcar_nav:/home/kunama/PLCT/NAV2/yahboom_src_code/slam_ws_src/install/yahboomcar_description:/home/kunama/PLCT/NAV2/yahboom_src_code/slam_ws_src/install/yahboomcar_ctrl:/home/kunama/PLCT/NAV2/yahboom_src_code/slam_ws_src/install/yahboomcar_bringup:/home/kunama/PLCT/NAV2/yahboom_src_code/slam_ws_src/install/yahboom_app_save_map:/home/kunama/PLCT/NAV2/yahboom_src_code/slam_ws_src/install/laserscan_to_point_publisher:/opt/ros/humble /usr/bin/cmake --build /mnt/nvme1n1p6/PLCT/NAV2/nav2_sim/build/robot_environment -- -j12 -l12
[0.329s] Invoked command in '/mnt/nvme1n1p6/PLCT/NAV2/nav2_sim/build/robot_environment' returned '0': CMAKE_PREFIX_PATH=${CMAKE_PREFIX_PATH}:/home/kunama/PLCT/NAV2/yahboom_src_code/slam_ws_src/install/yahboomcar_nav:/home/kunama/PLCT/NAV2/yahboom_src_code/slam_ws_src/install/yahboomcar_description:/home/kunama/PLCT/NAV2/yahboom_src_code/slam_ws_src/install/yahboomcar_ctrl:/home/kunama/PLCT/NAV2/yahboom_src_code/slam_ws_src/install/yahboomcar_bringup:/home/kunama/PLCT/NAV2/yahboom_src_code/slam_ws_src/install/yahboom_app_save_map:/home/kunama/PLCT/NAV2/yahboom_src_code/slam_ws_src/install/laserscan_to_point_publisher:/opt/ros/humble /usr/bin/cmake --build /mnt/nvme1n1p6/PLCT/NAV2/nav2_sim/build/robot_environment -- -j12 -l12
[0.371s] Invoking command in '/mnt/nvme1n1p6/PLCT/NAV2/nav2_sim/build/robot_environment': CMAKE_PREFIX_PATH=${CMAKE_PREFIX_PATH}:/home/kunama/PLCT/NAV2/yahboom_src_code/slam_ws_src/install/yahboomcar_nav:/home/kunama/PLCT/NAV2/yahboom_src_code/slam_ws_src/install/yahboomcar_description:/home/kunama/PLCT/NAV2/yahboom_src_code/slam_ws_src/install/yahboomcar_ctrl:/home/kunama/PLCT/NAV2/yahboom_src_code/slam_ws_src/install/yahboomcar_bringup:/home/kunama/PLCT/NAV2/yahboom_src_code/slam_ws_src/install/yahboom_app_save_map:/home/kunama/PLCT/NAV2/yahboom_src_code/slam_ws_src/install/laserscan_to_point_publisher:/opt/ros/humble /usr/bin/cmake --install /mnt/nvme1n1p6/PLCT/NAV2/nav2_sim/build/robot_environment
[0.380s] -- Install configuration: ""
[0.380s] -- Execute custom install script
[0.381s] -- Symlinking: /mnt/nvme1n1p6/PLCT/NAV2/nav2_sim/install/robot_environment/share/robot_environment/models/model.config
[0.393s] -- Symlinking: /mnt/nvme1n1p6/PLCT/NAV2/nav2_sim/install/robot_environment/share/robot_environment/models/model.sdf
[0.408s] -- Symlinking: /mnt/nvme1n1p6/PLCT/NAV2/nav2_sim/install/robot_environment/share/robot_environment/worlds/sim_world.world
[0.420s] -- Symlinking: /mnt/nvme1n1p6/PLCT/NAV2/nav2_sim/install/robot_environment/share/robot_environment/launch/simulation_launch.py
[0.431s] -- Symlinking: /mnt/nvme1n1p6/PLCT/NAV2/nav2_sim/install/robot_environment/share/ament_index/resource_index/package_run_dependencies/robot_environment
[0.443s] -- Symlinking: /mnt/nvme1n1p6/PLCT/NAV2/nav2_sim/install/robot_environment/share/ament_index/resource_index/parent_prefix_path/robot_environment
[0.455s] -- Symlinking: /mnt/nvme1n1p6/PLCT/NAV2/nav2_sim/install/robot_environment/share/robot_environment/environment/ament_prefix_path.sh
[0.467s] -- Symlinking: /mnt/nvme1n1p6/PLCT/NAV2/nav2_sim/install/robot_environment/share/robot_environment/environment/ament_prefix_path.dsv
[0.479s] -- Symlinking: /mnt/nvme1n1p6/PLCT/NAV2/nav2_sim/install/robot_environment/share/robot_environment/environment/path.sh
[0.494s] -- Symlinking: /mnt/nvme1n1p6/PLCT/NAV2/nav2_sim/install/robot_environment/share/robot_environment/environment/path.dsv
[0.513s] -- Symlinking: /mnt/nvme1n1p6/PLCT/NAV2/nav2_sim/install/robot_environment/share/robot_environment/local_setup.bash
[0.526s] -- Symlinking: /mnt/nvme1n1p6/PLCT/NAV2/nav2_sim/install/robot_environment/share/robot_environment/local_setup.sh
[0.539s] -- Symlinking: /mnt/nvme1n1p6/PLCT/NAV2/nav2_sim/install/robot_environment/share/robot_environment/local_setup.zsh
[0.552s] -- Symlinking: /mnt/nvme1n1p6/PLCT/NAV2/nav2_sim/install/robot_environment/share/robot_environment/local_setup.dsv
[0.565s] -- Symlinking: /mnt/nvme1n1p6/PLCT/NAV2/nav2_sim/install/robot_environment/share/robot_environment/package.dsv
[0.579s] -- Symlinking: /mnt/nvme1n1p6/PLCT/NAV2/nav2_sim/install/robot_environment/share/ament_index/resource_index/packages/robot_environment
[0.592s] -- Symlinking: /mnt/nvme1n1p6/PLCT/NAV2/nav2_sim/install/robot_environment/share/robot_environment/cmake/robot_environmentConfig.cmake
[0.606s] -- Symlinking: /mnt/nvme1n1p6/PLCT/NAV2/nav2_sim/install/robot_environment/share/robot_environment/cmake/robot_environmentConfig-version.cmake
[0.619s] -- Symlinking: /mnt/nvme1n1p6/PLCT/NAV2/nav2_sim/install/robot_environment/share/robot_environment/package.xml
[0.636s] Invoked command in '/mnt/nvme1n1p6/PLCT/NAV2/nav2_sim/build/robot_environment' returned '0': CMAKE_PREFIX_PATH=${CMAKE_PREFIX_PATH}:/home/kunama/PLCT/NAV2/yahboom_src_code/slam_ws_src/install/yahboomcar_nav:/home/kunama/PLCT/NAV2/yahboom_src_code/slam_ws_src/install/yahboomcar_description:/home/kunama/PLCT/NAV2/yahboom_src_code/slam_ws_src/install/yahboomcar_ctrl:/home/kunama/PLCT/NAV2/yahboom_src_code/slam_ws_src/install/yahboomcar_bringup:/home/kunama/PLCT/NAV2/yahboom_src_code/slam_ws_src/install/yahboom_app_save_map:/home/kunama/PLCT/NAV2/yahboom_src_code/slam_ws_src/install/laserscan_to_point_publisher:/opt/ros/humble /usr/bin/cmake --install /mnt/nvme1n1p6/PLCT/NAV2/nav2_sim/build/robot_environment
