[0.033s] Invoking command in '/mnt/nvme1n1p6/PLCT/NAV2/nav2_sim/build/robot_description': CMAKE_PREFIX_PATH=${CMAKE_PREFIX_PATH}:/home/kunama/PLCT/NAV2/yahboom_src_code/slam_ws_src/install/yahboomcar_nav:/home/kunama/PLCT/NAV2/yahboom_src_code/slam_ws_src/install/yahboomcar_description:/home/kunama/PLCT/NAV2/yahboom_src_code/slam_ws_src/install/yahboomcar_ctrl:/home/kunama/PLCT/NAV2/yahboom_src_code/slam_ws_src/install/yahboomcar_bringup:/home/kunama/PLCT/NAV2/yahboom_src_code/slam_ws_src/install/yahboom_app_save_map:/home/kunama/PLCT/NAV2/yahboom_src_code/slam_ws_src/install/laserscan_to_point_publisher:/opt/ros/humble /usr/bin/cmake /mnt/nvme1n1p6/PLCT/NAV2/nav2_sim/src/robot_description -DCMAKE_INSTALL_PREFIX=/mnt/nvme1n1p6/PLCT/NAV2/nav2_sim/install/robot_description
[0.111s] -- The C compiler identification is GNU 12.3.0
[0.181s] -- The CXX compiler identification is GNU 12.3.0
[0.190s] -- Detecting C compiler ABI info
[0.284s] -- Detecting C compiler ABI info - done
[0.292s] -- Check for working C compiler: /usr/bin/cc - skipped
[0.293s] -- Detecting C compile features
[0.293s] -- Detecting C compile features - done
[0.296s] -- Detecting CXX compiler ABI info
[0.397s] -- Detecting CXX compiler ABI info - done
[0.410s] -- Check for working CXX compiler: /usr/bin/c++ - skipped
[0.410s] -- Detecting CXX compile features
[0.411s] -- Detecting CXX compile features - done
[0.417s] -- Found ament_cmake: 1.3.10 (/opt/ros/humble/share/ament_cmake/cmake)
[0.607s] -- Found Python3: /usr/bin/python3 (found version "3.10.12") found components: Interpreter 
[0.757s] -- Found rclcpp: 16.0.10 (/opt/ros/humble/share/rclcpp/cmake)
[0.834s] -- Found rosidl_generator_c: 3.1.5 (/opt/ros/humble/share/rosidl_generator_c/cmake)
[0.845s] -- Found rosidl_adapter: 3.1.5 (/opt/ros/humble/share/rosidl_adapter/cmake)
[0.860s] -- Found rosidl_generator_cpp: 3.1.5 (/opt/ros/humble/share/rosidl_generator_cpp/cmake)
[0.879s] -- Using all available rosidl_typesupport_c: rosidl_typesupport_fastrtps_c;rosidl_typesupport_introspection_c
[0.909s] -- Using all available rosidl_typesupport_cpp: rosidl_typesupport_fastrtps_cpp;rosidl_typesupport_introspection_cpp
[0.982s] -- Found rmw_implementation_cmake: 6.1.2 (/opt/ros/humble/share/rmw_implementation_cmake/cmake)
[0.989s] -- Found rmw_fastrtps_cpp: 6.2.7 (/opt/ros/humble/share/rmw_fastrtps_cpp/cmake)
[1.149s] -- Found OpenSSL: /usr/lib/x86_64-linux-gnu/libcrypto.so (found version "3.0.2")  
[1.171s] -- Found FastRTPS: /opt/ros/humble/include  
[1.200s] -- Using RMW implementation 'rmw_fastrtps_cpp' as default
[1.218s] -- Looking for pthread.h
[1.308s] -- Looking for pthread.h - found
[1.308s] -- Performing Test CMAKE_HAVE_LIBC_PTHREAD
[1.414s] -- Performing Test CMAKE_HAVE_LIBC_PTHREAD - Success
[1.415s] -- Found Threads: TRUE  
[1.476s] -- Found urdf: 2.6.1 (/opt/ros/humble/share/urdf/cmake)
[1.521s] -- Found robot_state_publisher: 3.0.3 (/opt/ros/humble/share/robot_state_publisher/cmake)
[1.570s] -- Found eigen3_cmake_module: 0.1.1 (/opt/ros/humble/share/eigen3_cmake_module/cmake)
[1.572s] -- Found Eigen3: TRUE (found version "3.4.0") 
[1.572s] -- Ensuring Eigen3 include directory is part of orocos-kdl CMake target
[1.715s] -- Found xacro: 2.0.8 (/opt/ros/humble/share/xacro/cmake)
[1.719s] -- Found ament_lint_auto: 0.12.11 (/opt/ros/humble/share/ament_lint_auto/cmake)
[1.827s] -- Added test 'flake8' to check Python code syntax and style conventions
[1.829s] -- Added test 'lint_cmake' to check CMake code style
[1.830s] -- Added test 'pep257' to check Python code against some of the docstring style conventions in PEP 257
[1.833s] -- Added test 'xmllint' to check XML markup files
[1.835s] -- Configuring done
[1.841s] -- Generating done
[1.843s] -- Build files have been written to: /mnt/nvme1n1p6/PLCT/NAV2/nav2_sim/build/robot_description
[1.855s] Invoked command in '/mnt/nvme1n1p6/PLCT/NAV2/nav2_sim/build/robot_description' returned '0': CMAKE_PREFIX_PATH=${CMAKE_PREFIX_PATH}:/home/kunama/PLCT/NAV2/yahboom_src_code/slam_ws_src/install/yahboomcar_nav:/home/kunama/PLCT/NAV2/yahboom_src_code/slam_ws_src/install/yahboomcar_description:/home/kunama/PLCT/NAV2/yahboom_src_code/slam_ws_src/install/yahboomcar_ctrl:/home/kunama/PLCT/NAV2/yahboom_src_code/slam_ws_src/install/yahboomcar_bringup:/home/kunama/PLCT/NAV2/yahboom_src_code/slam_ws_src/install/yahboom_app_save_map:/home/kunama/PLCT/NAV2/yahboom_src_code/slam_ws_src/install/laserscan_to_point_publisher:/opt/ros/humble /usr/bin/cmake /mnt/nvme1n1p6/PLCT/NAV2/nav2_sim/src/robot_description -DCMAKE_INSTALL_PREFIX=/mnt/nvme1n1p6/PLCT/NAV2/nav2_sim/install/robot_description
[1.857s] Invoking command in '/mnt/nvme1n1p6/PLCT/NAV2/nav2_sim/build/robot_description': CMAKE_PREFIX_PATH=${CMAKE_PREFIX_PATH}:/home/kunama/PLCT/NAV2/yahboom_src_code/slam_ws_src/install/yahboomcar_nav:/home/kunama/PLCT/NAV2/yahboom_src_code/slam_ws_src/install/yahboomcar_description:/home/kunama/PLCT/NAV2/yahboom_src_code/slam_ws_src/install/yahboomcar_ctrl:/home/kunama/PLCT/NAV2/yahboom_src_code/slam_ws_src/install/yahboomcar_bringup:/home/kunama/PLCT/NAV2/yahboom_src_code/slam_ws_src/install/yahboom_app_save_map:/home/kunama/PLCT/NAV2/yahboom_src_code/slam_ws_src/install/laserscan_to_point_publisher:/opt/ros/humble /usr/bin/cmake --build /mnt/nvme1n1p6/PLCT/NAV2/nav2_sim/build/robot_description -- -j12 -l12
[1.929s] Invoked command in '/mnt/nvme1n1p6/PLCT/NAV2/nav2_sim/build/robot_description' returned '0': CMAKE_PREFIX_PATH=${CMAKE_PREFIX_PATH}:/home/kunama/PLCT/NAV2/yahboom_src_code/slam_ws_src/install/yahboomcar_nav:/home/kunama/PLCT/NAV2/yahboom_src_code/slam_ws_src/install/yahboomcar_description:/home/kunama/PLCT/NAV2/yahboom_src_code/slam_ws_src/install/yahboomcar_ctrl:/home/kunama/PLCT/NAV2/yahboom_src_code/slam_ws_src/install/yahboomcar_bringup:/home/kunama/PLCT/NAV2/yahboom_src_code/slam_ws_src/install/yahboom_app_save_map:/home/kunama/PLCT/NAV2/yahboom_src_code/slam_ws_src/install/laserscan_to_point_publisher:/opt/ros/humble /usr/bin/cmake --build /mnt/nvme1n1p6/PLCT/NAV2/nav2_sim/build/robot_description -- -j12 -l12
[1.984s] Invoking command in '/mnt/nvme1n1p6/PLCT/NAV2/nav2_sim/build/robot_description': CMAKE_PREFIX_PATH=${CMAKE_PREFIX_PATH}:/home/kunama/PLCT/NAV2/yahboom_src_code/slam_ws_src/install/yahboomcar_nav:/home/kunama/PLCT/NAV2/yahboom_src_code/slam_ws_src/install/yahboomcar_description:/home/kunama/PLCT/NAV2/yahboom_src_code/slam_ws_src/install/yahboomcar_ctrl:/home/kunama/PLCT/NAV2/yahboom_src_code/slam_ws_src/install/yahboomcar_bringup:/home/kunama/PLCT/NAV2/yahboom_src_code/slam_ws_src/install/yahboom_app_save_map:/home/kunama/PLCT/NAV2/yahboom_src_code/slam_ws_src/install/laserscan_to_point_publisher:/opt/ros/humble /usr/bin/cmake --install /mnt/nvme1n1p6/PLCT/NAV2/nav2_sim/build/robot_description
[1.993s] -- Install configuration: ""
[1.993s] -- Installing: /mnt/nvme1n1p6/PLCT/NAV2/nav2_sim/install/robot_description/share/robot_description/urdf
[1.993s] -- Installing: /mnt/nvme1n1p6/PLCT/NAV2/nav2_sim/install/robot_description/share/robot_description/urdf/MicroROS.urdf
[1.993s] -- Installing: /mnt/nvme1n1p6/PLCT/NAV2/nav2_sim/install/robot_description/share/robot_description/meshes
[1.993s] -- Installing: /mnt/nvme1n1p6/PLCT/NAV2/nav2_sim/install/robot_description/share/robot_description/meshes/yq_Link.STL
[1.994s] -- Installing: /mnt/nvme1n1p6/PLCT/NAV2/nav2_sim/install/robot_description/share/robot_description/meshes/yh_Link.STL
[1.994s] -- Installing: /mnt/nvme1n1p6/PLCT/NAV2/nav2_sim/install/robot_description/share/robot_description/meshes/base_link.STL
[1.997s] -- Installing: /mnt/nvme1n1p6/PLCT/NAV2/nav2_sim/install/robot_description/share/robot_description/meshes/jq1_Link.STL
[1.998s] -- Installing: /mnt/nvme1n1p6/PLCT/NAV2/nav2_sim/install/robot_description/share/robot_description/meshes/jq2_Link.STL
[1.998s] -- Installing: /mnt/nvme1n1p6/PLCT/NAV2/nav2_sim/install/robot_description/share/robot_description/meshes/imu_Link.STL
[2.012s] -- Installing: /mnt/nvme1n1p6/PLCT/NAV2/nav2_sim/install/robot_description/share/robot_description/meshes/radar_Link.STL
[2.013s] -- Installing: /mnt/nvme1n1p6/PLCT/NAV2/nav2_sim/install/robot_description/share/robot_description/meshes/zq_Link.STL
[2.013s] -- Installing: /mnt/nvme1n1p6/PLCT/NAV2/nav2_sim/install/robot_description/share/robot_description/meshes/zh_Link.STL
[2.014s] -- Installing: /mnt/nvme1n1p6/PLCT/NAV2/nav2_sim/install/robot_description/share/robot_description/meshes/radar_Link3x.STL
[2.015s] -- Installing: /mnt/nvme1n1p6/PLCT/NAV2/nav2_sim/install/robot_description/share/robot_description/launch
[2.015s] -- Installing: /mnt/nvme1n1p6/PLCT/NAV2/nav2_sim/install/robot_description/share/robot_description/launch/robot_description_launch.py
[2.016s] -- Installing: /mnt/nvme1n1p6/PLCT/NAV2/nav2_sim/install/robot_description/share/robot_description/launch/robot_display_launch.py
[2.016s] -- Installing: /mnt/nvme1n1p6/PLCT/NAV2/nav2_sim/install/robot_description/share/robot_description/rviz
[2.016s] -- Installing: /mnt/nvme1n1p6/PLCT/NAV2/nav2_sim/install/robot_description/share/robot_description/rviz/urdf_config.rviz
[2.016s] -- Installing: /mnt/nvme1n1p6/PLCT/NAV2/nav2_sim/install/robot_description/share/robot_description/config
[2.016s] -- Installing: /mnt/nvme1n1p6/PLCT/NAV2/nav2_sim/install/robot_description/share/robot_description/config/ekf.yaml
[2.016s] -- Installing: /mnt/nvme1n1p6/PLCT/NAV2/nav2_sim/install/robot_description/share/ament_index/resource_index/package_run_dependencies/robot_description
[2.016s] -- Installing: /mnt/nvme1n1p6/PLCT/NAV2/nav2_sim/install/robot_description/share/ament_index/resource_index/parent_prefix_path/robot_description
[2.016s] -- Installing: /mnt/nvme1n1p6/PLCT/NAV2/nav2_sim/install/robot_description/share/robot_description/environment/ament_prefix_path.sh
[2.017s] -- Installing: /mnt/nvme1n1p6/PLCT/NAV2/nav2_sim/install/robot_description/share/robot_description/environment/ament_prefix_path.dsv
[2.017s] -- Installing: /mnt/nvme1n1p6/PLCT/NAV2/nav2_sim/install/robot_description/share/robot_description/environment/path.sh
[2.017s] -- Installing: /mnt/nvme1n1p6/PLCT/NAV2/nav2_sim/install/robot_description/share/robot_description/environment/path.dsv
[2.017s] -- Installing: /mnt/nvme1n1p6/PLCT/NAV2/nav2_sim/install/robot_description/share/robot_description/local_setup.bash
[2.017s] -- Installing: /mnt/nvme1n1p6/PLCT/NAV2/nav2_sim/install/robot_description/share/robot_description/local_setup.sh
[2.017s] -- Installing: /mnt/nvme1n1p6/PLCT/NAV2/nav2_sim/install/robot_description/share/robot_description/local_setup.zsh
[2.017s] -- Installing: /mnt/nvme1n1p6/PLCT/NAV2/nav2_sim/install/robot_description/share/robot_description/local_setup.dsv
[2.018s] -- Installing: /mnt/nvme1n1p6/PLCT/NAV2/nav2_sim/install/robot_description/share/robot_description/package.dsv
[2.018s] -- Installing: /mnt/nvme1n1p6/PLCT/NAV2/nav2_sim/install/robot_description/share/ament_index/resource_index/packages/robot_description
[2.018s] -- Installing: /mnt/nvme1n1p6/PLCT/NAV2/nav2_sim/install/robot_description/share/robot_description/cmake/robot_descriptionConfig.cmake
[2.018s] -- Installing: /mnt/nvme1n1p6/PLCT/NAV2/nav2_sim/install/robot_description/share/robot_description/cmake/robot_descriptionConfig-version.cmake
[2.018s] -- Installing: /mnt/nvme1n1p6/PLCT/NAV2/nav2_sim/install/robot_description/share/robot_description/package.xml
[2.021s] Invoked command in '/mnt/nvme1n1p6/PLCT/NAV2/nav2_sim/build/robot_description' returned '0': CMAKE_PREFIX_PATH=${CMAKE_PREFIX_PATH}:/home/kunama/PLCT/NAV2/yahboom_src_code/slam_ws_src/install/yahboomcar_nav:/home/kunama/PLCT/NAV2/yahboom_src_code/slam_ws_src/install/yahboomcar_description:/home/kunama/PLCT/NAV2/yahboom_src_code/slam_ws_src/install/yahboomcar_ctrl:/home/kunama/PLCT/NAV2/yahboom_src_code/slam_ws_src/install/yahboomcar_bringup:/home/kunama/PLCT/NAV2/yahboom_src_code/slam_ws_src/install/yahboom_app_save_map:/home/kunama/PLCT/NAV2/yahboom_src_code/slam_ws_src/install/laserscan_to_point_publisher:/opt/ros/humble /usr/bin/cmake --install /mnt/nvme1n1p6/PLCT/NAV2/nav2_sim/build/robot_description
